[INFO] Scanning for projects...
[INFO] 
[INFO] --------------------------< com.kocaeli:bel >---------------------------
[INFO] Building bel 0.0.2-SNAPSHOT
[INFO]   from pom.xml
[INFO] --------------------------------[ jar ]---------------------------------
[INFO] 
[INFO] >>> spring-boot:3.4.2:run (default-cli) > test-compile @ bel >>>
[INFO] 
[INFO] --- resources:3.3.1:resources (default-resources) @ bel ---
[INFO] Copying 1 resource from src/main/resources to target/classes
[INFO] Copying 4 resources from src/main/resources to target/classes
[INFO] 
[INFO] --- compiler:3.13.0:compile (default-compile) @ bel ---
[INFO] Nothing to compile - all classes are up to date.
[INFO] 
[INFO] --- resources:3.3.1:testResources (default-testResources) @ bel ---
[INFO] skip non existing resourceDirectory /Users/mihribandursun/IdeaProjects/GebzeBelProjeDevam/src/test/resources
[INFO] 
[INFO] --- compiler:3.13.0:testCompile (default-testCompile) @ bel ---
[INFO] No sources to compile
[INFO] 
[INFO] <<< spring-boot:3.4.2:run (default-cli) < test-compile @ bel <<<
[INFO] 
[INFO] 
[INFO] --- spring-boot:3.4.2:run (default-cli) @ bel ---
[INFO] Attaching agents: []

  .   ____          _            __ _ _
 /\\ / ___'_ __ _ _(_)_ __  __ _ \ \ \ \
( ( )\___ | '_ | '_| | '_ \/ _` | \ \ \ \
 \\/  ___)| |_)| | | | | || (_| |  ) ) ) )
  '  |____| .__|_| |_|_| |_\__, | / / / /
 =========|_|==============|___/=/_/_/_/

 :: Spring Boot ::                (v3.4.2)

2025-08-26T10:56:42.969+03:00  INFO 19665 --- [bel] [  restartedMain] c.kocaeli.bel.MySpringBootApplication    : Starting MySpringBootApplication using Java 21 with PID 19665 (/Users/mihribandursun/IdeaProjects/GebzeBelProjeDevam/target/classes started by mihribandursun in /Users/mihribandursun/IdeaProjects/GebzeBelProjeDevam)
2025-08-26T10:56:42.971+03:00  INFO 19665 --- [bel] [  restartedMain] c.kocaeli.bel.MySpringBootApplication    : No active profile set, falling back to 1 default profile: "default"
2025-08-26T10:56:43.018+03:00  INFO 19665 --- [bel] [  restartedMain] o.s.b.devtools.restart.ChangeableUrls    : The Class-Path manifest attribute in /Users/mihribandursun/.m2/repository/com/oracle/database/jdbc/ojdbc11/23.8.0.25.04/ojdbc11-23.8.0.25.04.jar referenced one or more files that do not exist: file:/Users/mihribandursun/.m2/repository/com/oracle/database/jdbc/ojdbc11/23.8.0.25.04/oraclepki.jar
2025-08-26T10:56:43.018+03:00  INFO 19665 --- [bel] [  restartedMain] .e.DevToolsPropertyDefaultsPostProcessor : Devtools property defaults active! Set 'spring.devtools.add-properties' to 'false' to disable
2025-08-26T10:56:43.018+03:00  INFO 19665 --- [bel] [  restartedMain] .e.DevToolsPropertyDefaultsPostProcessor : For additional web related logging consider setting the 'logging.level.web' property to 'DEBUG'
2025-08-26T10:56:43.155+03:00  WARN 19665 --- [bel] [  restartedMain] ConfigServletWebServerApplicationContext : Exception encountered during context initialization - cancelling refresh attempt: org.springframework.beans.factory.BeanDefinitionStoreException: Failed to parse configuration class [com.kocaeli.bel.MySpringBootApplication]
2025-08-26T10:56:43.176+03:00 ERROR 19665 --- [bel] [  restartedMain] o.s.boot.SpringApplication               : Application run failed

org.springframework.beans.factory.BeanDefinitionStoreException: Failed to parse configuration class [com.kocaeli.bel.MySpringBootApplication]
	at org.springframework.context.annotation.ConfigurationClassParser.parse(ConfigurationClassParser.java:185) ~[spring-context-6.2.2.jar:6.2.2]
	at org.springframework.context.annotation.ConfigurationClassPostProcessor.processConfigBeanDefinitions(ConfigurationClassPostProcessor.java:418) ~[spring-context-6.2.2.jar:6.2.2]
	at org.springframework.context.annotation.ConfigurationClassPostProcessor.postProcessBeanDefinitionRegistry(ConfigurationClassPostProcessor.java:290) ~[spring-context-6.2.2.jar:6.2.2]
	at org.springframework.context.support.PostProcessorRegistrationDelegate.invokeBeanDefinitionRegistryPostProcessors(PostProcessorRegistrationDelegate.java:349) ~[spring-context-6.2.2.jar:6.2.2]
	at org.springframework.context.support.PostProcessorRegistrationDelegate.invokeBeanFactoryPostProcessors(PostProcessorRegistrationDelegate.java:118) ~[spring-context-6.2.2.jar:6.2.2]
	at org.springframework.context.support.AbstractApplicationContext.invokeBeanFactoryPostProcessors(AbstractApplicationContext.java:791) ~[spring-context-6.2.2.jar:6.2.2]
	at org.springframework.context.support.AbstractApplicationContext.refresh(AbstractApplicationContext.java:609) ~[spring-context-6.2.2.jar:6.2.2]
	at org.springframework.boot.web.servlet.context.ServletWebServerApplicationContext.refresh(ServletWebServerApplicationContext.java:146) ~[spring-boot-3.4.2.jar:3.4.2]
	at org.springframework.boot.SpringApplication.refresh(SpringApplication.java:752) ~[spring-boot-3.4.2.jar:3.4.2]
	at org.springframework.boot.SpringApplication.refreshContext(SpringApplication.java:439) ~[spring-boot-3.4.2.jar:3.4.2]
	at org.springframework.boot.SpringApplication.run(SpringApplication.java:318) ~[spring-boot-3.4.2.jar:3.4.2]
	at org.springframework.boot.SpringApplication.run(SpringApplication.java:1361) ~[spring-boot-3.4.2.jar:3.4.2]
	at org.springframework.boot.SpringApplication.run(SpringApplication.java:1350) ~[spring-boot-3.4.2.jar:3.4.2]
	at com.kocaeli.bel.MySpringBootApplication.main(MySpringBootApplication.java:11) ~[classes/:na]
	at java.base/jdk.internal.reflect.DirectMethodHandleAccessor.invoke(DirectMethodHandleAccessor.java:103) ~[na:na]
	at java.base/java.lang.reflect.Method.invoke(Method.java:580) ~[na:na]
	at org.springframework.boot.devtools.restart.RestartLauncher.run(RestartLauncher.java:50) ~[spring-boot-devtools-3.4.2.jar:3.4.2]
Caused by: org.springframework.context.annotation.ConflictingBeanDefinitionException: Annotation-specified bean name 'tarihiYerService' for bean class [com.kocaeli.bel.service.gebze.TarihiYerService] conflicts with existing, non-compatible bean definition of same name and class [com.kocaeli.bel.service.TarihiYerService]
	at org.springframework.context.annotation.ClassPathBeanDefinitionScanner.checkCandidate(ClassPathBeanDefinitionScanner.java:361) ~[spring-context-6.2.2.jar:6.2.2]
	at org.springframework.context.annotation.ClassPathBeanDefinitionScanner.doScan(ClassPathBeanDefinitionScanner.java:288) ~[spring-context-6.2.2.jar:6.2.2]
	at org.springframework.context.annotation.ComponentScanAnnotationParser.parse(ComponentScanAnnotationParser.java:128) ~[spring-context-6.2.2.jar:6.2.2]
	at org.springframework.context.annotation.ConfigurationClassParser.doProcessConfigurationClass(ConfigurationClassParser.java:332) ~[spring-context-6.2.2.jar:6.2.2]
	at org.springframework.context.annotation.ConfigurationClassParser.processConfigurationClass(ConfigurationClassParser.java:267) ~[spring-context-6.2.2.jar:6.2.2]
	at org.springframework.context.annotation.ConfigurationClassParser.parse(ConfigurationClassParser.java:193) ~[spring-context-6.2.2.jar:6.2.2]
	at org.springframework.context.annotation.ConfigurationClassParser.parse(ConfigurationClassParser.java:171) ~[spring-context-6.2.2.jar:6.2.2]
	... 16 common frames omitted

[INFO] ------------------------------------------------------------------------
[INFO] BUILD SUCCESS
[INFO] ------------------------------------------------------------------------
[INFO] Total time:  2.453 s
[INFO] Finished at: 2025-08-26T10:56:43+03:00
[INFO] ------------------------------------------------------------------------
